[18:57:34] [main/INFO]: Setting user: Player530
[18:57:35] [Client thread/INFO]: LWJGL Version: 2.9.1
[18:57:42] [Client thread/INFO]: Reloading ResourceManager: Default, FMLFileResourcePack:Forge Mod Loader, FMLFileResourcePack:Minecraft Forge, FMLFileResourcePack:Example Mod, FMLFileResourcePack:MyMods
[18:57:43] [Sound Library Loader/INFO]: Sound engine started
[18:57:46] [Client thread/INFO]: Created: 512x256 textures/blocks-atlas
[18:57:46] [Client thread/INFO]: Created: 256x256 textures/items-atlas
[18:57:46] [Client thread/INFO]: Reloading ResourceManager: Default, FMLFileResourcePack:Forge Mod Loader, FMLFileResourcePack:Minecraft Forge, FMLFileResourcePack:Example Mod, FMLFileResourcePack:MyMods
[18:57:46] [Client thread/INFO]: Created: 256x256 textures/items-atlas
[18:57:47] [Client thread/INFO]: Created: 512x256 textures/blocks-atlas
[18:57:48] [Sound Library Loader/INFO]: Sound engine started
[18:57:54] [Server thread/INFO]: Starting integrated minecraft server version 1.7.10
[18:57:54] [Server thread/INFO]: Generating keypair
[18:57:55] [Server thread/INFO]: Preparing start region for level 0
[18:57:56] [Server thread/INFO]: Preparing spawn area: 35%
[18:57:57] [Server thread/INFO]: Player530[local:E:d597caa0] logged in with entity id 272 at (-267.3000156764363, 79.48975166328162, 256.3365378126234)
[18:57:57] [Server thread/INFO]: Player530 joined the game
[18:58:00] [Server thread/INFO]: Saving and pausing game...
[18:58:00] [Server thread/INFO]: Saving chunks for level 'New World'/Overworld
[18:58:01] [Server thread/INFO]: Saving chunks for level 'New World'/Nether
[18:58:01] [Server thread/INFO]: Saving chunks for level 'New World'/The End
[18:58:01] [Server thread/INFO]: Saving and pausing game...
[18:58:02] [Server thread/INFO]: Saving chunks for level 'New World'/Overworld
[18:58:02] [Server thread/INFO]: Saving chunks for level 'New World'/Nether
[18:58:02] [Server thread/INFO]: Saving chunks for level 'New World'/The End
[18:58:07] [Client thread/INFO]: [CHAT] /achievement give <stat_name> [player]
[18:58:12] [Client thread/INFO]: [CHAT] achievement.openInventory, achievement.mineWood, achievement.buildWorkBench, achievement.buildPickaxe, achievement.buildFurnace, achievement.acquireIron, achievement.buildHoe, achievement.makeBread, achievement.bakeCake, achievement.buildBetterPickaxe, achievement.cookFish, achievement.onARail, achievement.buildSword, achievement.killEnemy, achievement.killCow, achievement.flyPig, achievement.snipeSkeleton, achievement.diamonds, achievement.diamondsToYou, achievement.portal, achievement.ghast, achievement.blazeRod, achievement.potion, achievement.theEnd, achievement.theEnd2, achievement.enchantments, achievement.overkill, achievement.bookcase, achievement.breedCow, achievement.spawnWither, achievement.killWither, achievement.fullBeacon, achievement.exploreAllBiomes
[18:58:21] [Server thread/INFO]: Player530 has just earned the achievement [Taking Inventory]
[18:58:21] [Server thread/INFO]: Player530 has just earned the achievement [Getting Wood]
[18:58:21] [Server thread/INFO]: Player530 has just earned the achievement [Benchmarking]
[18:58:21] [Server thread/INFO]: Player530 has just earned the achievement [Time to Mine!]
[18:58:21] [Server thread/INFO]: Player530 has just earned the achievement [Hot Topic]
[18:58:21] [Server thread/INFO]: Player530 has just earned the achievement [Acquire Hardware]
[18:58:21] [Server thread/INFO]: Player530 has just earned the achievement [DIAMONDS!]
[18:58:21] [Server thread/INFO]: Player530 has just earned the achievement [We Need to Go Deeper]
[18:58:21] [Server thread/INFO]: Player530 has just earned the achievement [Into Fire]
[18:58:21] [Server thread/INFO]: Player530 has just earned the achievement [The End?]
[18:58:21] [Server thread/INFO]: Player530 has just earned the achievement [Adventuring Time]
[18:58:21] [Server thread/INFO]: [Player530: Successfully given Player530 the stat [Adventuring Time]]
[18:58:21] [Client thread/INFO]: [CHAT] Player530 has just earned the achievement [Taking Inventory]
[18:58:21] [Client thread/INFO]: [CHAT] Player530 has just earned the achievement [Getting Wood]
[18:58:21] [Client thread/INFO]: [CHAT] Player530 has just earned the achievement [Benchmarking]
[18:58:21] [Client thread/INFO]: [CHAT] Player530 has just earned the achievement [Time to Mine!]
[18:58:21] [Client thread/INFO]: [CHAT] Player530 has just earned the achievement [Hot Topic]
[18:58:21] [Client thread/INFO]: [CHAT] Player530 has just earned the achievement [Acquire Hardware]
[18:58:21] [Client thread/INFO]: [CHAT] Player530 has just earned the achievement [DIAMONDS!]
[18:58:21] [Client thread/INFO]: [CHAT] Player530 has just earned the achievement [We Need to Go Deeper]
[18:58:21] [Client thread/INFO]: [CHAT] Player530 has just earned the achievement [Into Fire]
[18:58:21] [Client thread/INFO]: [CHAT] Player530 has just earned the achievement [The End?]
[18:58:21] [Client thread/INFO]: [CHAT] Player530 has just earned the achievement [Adventuring Time]
[18:58:21] [Client thread/INFO]: [CHAT] Successfully given Player530 the stat [Adventuring Time]
[18:58:23] [Server thread/INFO]: Saving and pausing game...
[18:58:23] [Server thread/INFO]: Saving chunks for level 'New World'/Overworld
[18:58:23] [Server thread/INFO]: Saving chunks for level 'New World'/Nether
[18:58:23] [Server thread/INFO]: Saving chunks for level 'New World'/The End
[18:58:24] [Server thread/INFO]: Saving and pausing game...
[18:58:24] [Server thread/INFO]: Saving chunks for level 'New World'/Overworld
[18:58:24] [Server thread/INFO]: Saving chunks for level 'New World'/Nether
[18:58:24] [Server thread/INFO]: Saving chunks for level 'New World'/The End
[18:58:37] [Client thread/INFO]: [CHAT] achievement.killEnemy, achievement.killCow, achievement.killWither
[18:58:38] [Client thread/INFO]: [CHAT] achievement.killEnemy, achievement.killCow, achievement.killWither
[18:58:39] [Client thread/INFO]: [CHAT] achievement.killEnemy, achievement.killCow, achievement.killWither
[18:58:39] [Server thread/INFO]: Player530 has just earned the achievement [The End.]
[18:58:39] [Server thread/INFO]: Player530 has just earned the achievement [The Beginning?]
[18:58:39] [Server thread/INFO]: Player530 has just earned the achievement [The Beginning.]
[18:58:39] [Server thread/INFO]: [Player530: Successfully given Player530 the stat [The Beginning.]]
[18:58:39] [Client thread/INFO]: [CHAT] Player530 has just earned the achievement [The End.]
[18:58:39] [Client thread/INFO]: [CHAT] Player530 has just earned the achievement [The Beginning?]
[18:58:39] [Client thread/INFO]: [CHAT] Player530 has just earned the achievement [The Beginning.]
[18:58:39] [Client thread/INFO]: [CHAT] Successfully given Player530 the stat [The Beginning.]
[18:58:40] [Server thread/INFO]: Saving and pausing game...
[18:58:40] [Server thread/INFO]: Saving chunks for level 'New World'/Overworld
[18:58:40] [Server thread/INFO]: Saving chunks for level 'New World'/Nether
[18:58:40] [Server thread/INFO]: Saving chunks for level 'New World'/The End
[18:58:42] [Server thread/INFO]: Saving and pausing game...
[18:58:42] [Server thread/INFO]: Saving chunks for level 'New World'/Overworld
[18:58:42] [Server thread/INFO]: Saving chunks for level 'New World'/Nether
[18:58:42] [Server thread/INFO]: Saving chunks for level 'New World'/The End
[18:58:58] [Server thread/INFO]: Player530 has just earned the achievement [Ninja Skills]
[18:58:58] [Client thread/INFO]: [CHAT] Player530 has just earned the achievement [Ninja Skills]
[18:59:04] [Server thread/INFO]: Saving and pausing game...
[18:59:04] [Server thread/INFO]: Saving chunks for level 'New World'/Overworld
[18:59:04] [Server thread/INFO]: Saving chunks for level 'New World'/Nether
[18:59:04] [Server thread/INFO]: Saving chunks for level 'New World'/The End
[18:59:05] [Server thread/INFO]: Saving and pausing game...
[18:59:05] [Server thread/INFO]: Saving chunks for level 'New World'/Overworld
[18:59:05] [Server thread/INFO]: Saving chunks for level 'New World'/Nether
[18:59:05] [Server thread/INFO]: Saving chunks for level 'New World'/The End
[18:59:12] [Server thread/INFO]: Player530 has just earned the achievement [Time to Farm!]
[18:59:12] [Server thread/INFO]: Player530 has just earned the achievement [The Lie]
[18:59:12] [Server thread/INFO]: [Player530: Successfully given Player530 the stat [The Lie]]
[18:59:12] [Client thread/INFO]: [CHAT] Player530 has just earned the achievement [Time to Farm!]
[18:59:12] [Client thread/INFO]: [CHAT] Player530 has just earned the achievement [The Lie]
[18:59:12] [Client thread/INFO]: [CHAT] Successfully given Player530 the stat [The Lie]
[18:59:15] [Server thread/INFO]: Player530 has just earned the achievement [Bake Bread]
[18:59:15] [Server thread/INFO]: [Player530: Successfully given Player530 the stat [Bake Bread]]
[18:59:15] [Client thread/INFO]: [CHAT] Player530 has just earned the achievement [Bake Bread]
[18:59:15] [Client thread/INFO]: [CHAT] Successfully given Player530 the stat [Bake Bread]
[19:02:13] [Server thread/INFO]: Saving and pausing game...
[19:02:13] [Server thread/INFO]: Saving chunks for level 'New World'/Overworld
[19:02:13] [Server thread/INFO]: Saving chunks for level 'New World'/Nether
[19:02:13] [Server thread/INFO]: Saving chunks for level 'New World'/The End
[19:03:19] [Server thread/INFO]: Saving and pausing game...
[19:03:19] [Server thread/INFO]: Saving chunks for level 'New World'/Overworld
[19:03:19] [Server thread/INFO]: Saving chunks for level 'New World'/Nether
[19:03:19] [Server thread/INFO]: Saving chunks for level 'New World'/The End
[19:03:20] [Client thread/INFO]: Stopping!
[19:03:20] [Server thread/INFO]: Stopping server
[19:03:20] [Server thread/INFO]: Saving players
[19:03:20] [Server thread/INFO]: Saving worlds
[19:03:20] [Server thread/INFO]: Saving chunks for level 'New World'/Overworld
[19:03:20] [Server thread/INFO]: Saving chunks for level 'New World'/Nether
[19:03:20] [Server thread/INFO]: Saving chunks for level 'New World'/The End
